2014-08-07 Open
04:45:24:922 --- Artefacts.Service.ArtefactHost starting ---
04:45:24:972 localhost:ServiceHost (14976) [Normal] @ 2014-08-07T04:45:24
------------

04:45:24:972 
04:45:24:974 Artefacts.Service.ArtefactHost: Plugin directory "Plugins/" (3 plugins):
04:45:24:975 	Plugins/ArtefactFileSystem.dll: 5 artefact types
04:45:24:979 		Artefacts.FileSystem.Directory Artefacts.FileSystem.Disk Artefacts.FileSystem.Drive Artefacts.FileSystem.File Artefacts.FileSystem.FileSystemEntry
04:45:24:979 	Plugins/Core.dll: 0 artefact types
04:45:24:979 		
04:45:24:979 	Plugins/Service.dll: 0 artefact types
04:45:24:980 		
04:45:24:980 Artefacts.Service.ArtefactHost: 3 plugins loaded
04:45:28:267 ServiceHost: Opening
04:45:28:343 ServiceHost: Opened
04:45:28:343 System.ServiceModel.ServiceHost
04:45:31:658 QueryPreload(Q#355635337: Query<Artefacts.Artefact>())
04:45:31:767 QueryPreload(Q#1075971939: Query<Artefacts.Host>())
04:45:31:861 QueryPreload(Q#-1687853820: Query<Artefacts.Host>().Where<Artefacts.Host>((host) => (Artefacts.Host.GetHostId() == host.HostId)))
04:45:31:915 QueryPreload(Q#-1687853820: Query<Artefacts.Host>().Where<Artefacts.Host>((host) => (Artefacts.Host.GetHostId() == host.HostId)))
04:45:32:543 QueryResults(Q#-1687853820, 0, -1) = QueryResult(Count=0): {  }}
04:45:32:621 Add(#(null):Artefacts.Host)
04:45:32:793 QueryPreload(Q#290776477: Query<Artefacts.FileSystem.FileSystemEntry>())
04:45:32:847 QueryPreload(Q#-1400418028: Query<Artefacts.FileSystem.File>())
04:45:32:901 QueryPreload(Q#130606179: Query<Artefacts.FileSystem.Directory>())
04:45:32:954 QueryPreload(Q#450237504: Query<Artefacts.FileSystem.Drive>())
04:45:33:008 QueryPreload(Q#1895288693: Query<Artefacts.FileSystem.Disk>())
04:45:33:087 QueryExecute(Q#-1336840134: Query<Artefacts.Artefact>().Count<Artefacts.Artefact>()) = 1
04:45:33:142 QueryExecute(Q#-1336840134: Query<Artefacts.Artefact>().Count<Artefacts.Artefact>()) = 1
04:45:33:200 QueryExecute(Q#-1336840134: Query<Artefacts.FileSystem.Drive>().Count<Artefacts.FileSystem.Drive>()) = 0
04:45:33:261 QueryExecute(Q#-1336840134: Query<Artefacts.FileSystem.Drive>().Count<Artefacts.FileSystem.Drive>()) = 0
04:45:33:314 QueryPreload(Q#1895288693: Query<Artefacts.FileSystem.Disk>())
04:45:33:370 QueryResults(Q#1895288693, 0, -1) = QueryResult(Count=0): {  }}
04:45:33:421 Add(#(null):Artefacts.FileSystem.Disk)
04:45:33:432 NHibernate.TransientObjectException: object references an unsaved transient instance - save the transient instance before flushing or set cascade action for the property to something that would make it autosave. Type: Artefacts.Host, Entity: [Host: HostId=a8c00a01]
  at NHibernate.Engine.ForeignKeys.GetEntityIdentifierIfNotUnsaved (System.String entityName, System.Object entity, ISessionImplementor session) [0x00000] in <filename unknown>:0 
  at NHibernate.Type.EntityType.GetIdentifier (System.Object value, ISessionImplementor session) [0x00000] in <filename unknown>:0 
  at NHibernate.Type.ManyToOneType.IsDirty (System.Object old, System.Object current, System.Boolean[] checkable, ISessionImplementor session) [0x00000] in <filename unknown>:0 
  at NHibernate.Type.TypeHelper.Dirty (NHibernate.Tuple.StandardProperty[] properties, System.Object[] currentState, System.Object[] previousState, System.Boolean[][] includeColumns, Boolean anyUninitializedProperties, ISessionImplementor session, Int32 i) [0x00000] in <filename unknown>:0 
  at NHibernate.Type.TypeHelper.FindDirty (NHibernate.Tuple.StandardProperty[] properties, System.Object[] currentState, System.Object[] previousState, System.Boolean[][] includeColumns, Boolean anyUninitializedProperties, ISessionImplementor session) [0x00000] in <filename unknown>:0 
  at NHibernate.Persister.Entity.AbstractEntityPersister.FindDirty (System.Object[] currentState, System.Object[] previousState, System.Object entity, ISessionImplementor session) [0x00000] in <filename unknown>:0 
  at NHibernate.Event.Default.DefaultFlushEntityEventListener.DirtyCheck (NHibernate.Event.FlushEntityEvent event) [0x00000] in <filename unknown>:0 
  at NHibernate.Event.Default.DefaultFlushEntityEventListener.IsUpdateNecessary (NHibernate.Event.FlushEntityEvent event, Boolean mightBeDirty) [0x00000] in <filename unknown>:0 
  at NHibernate.Event.Default.DefaultFlushEntityEventListener.OnFlushEntity (NHibernate.Event.FlushEntityEvent event) [0x00000] in <filename unknown>:0 
  at NHibernate.Event.Default.AbstractFlushingEventListener.FlushEntities (NHibernate.Event.FlushEvent event) [0x00000] in <filename unknown>:0 
  at NHibernate.Event.Default.AbstractFlushingEventListener.FlushEverythingToExecutions (NHibernate.Event.FlushEvent event) [0x00000] in <filename unknown>:0 
  at NHibernate.Event.Default.DefaultFlushEventListener.OnFlush (NHibernate.Event.FlushEvent event) [0x00000] in <filename unknown>:0 
  at NHibernate.Impl.SessionImpl.Flush () [0x00000] in <filename unknown>:0 
  at NHibernate.Transaction.AdoTransaction.Commit () [0x00000] in <filename unknown>:0 
  at Artefacts.Service.Repository.Add (Artefacts.Artefact artefact) [0x00000] in <filename unknown>:0 
04:45:33:435 
Service:Artefacts.Service.Repository.Add(
	System.Nullable`1[System.Int32] (0)
	System.Nullable`1[System.Int32] (1)
	NHibernate.ITransaction (2)
	System.Int32 (3)
	System.Int32 (4)
	System.Exception (5))
[:0,0]:
NHibernate.TransientObjectException: object references an unsaved transient instance - save the transient instance before flushing or set cascade action for the property to something that would make it autosave. Type: Artefacts.Host, Entity: [Host: HostId=a8c00a01]
  at NHibernate.Engine.ForeignKeys.GetEntityIdentifierIfNotUnsaved (System.String entityName, System.Object entity, ISessionImplementor session) [0x00000] in <filename unknown>:0 
  at NHibernate.Type.EntityType.GetIdentifier (System.Object value, ISessionImplementor session) [0x00000] in <filename unknown>:0 
  at NHibernate.Type.ManyToOneType.IsDirty (System.Object old, System.Object current, System.Boolean[] checkable, ISessionImplementor session) [0x00000] in <filename unknown>:0 
  at NHibernate.Type.TypeHelper.Dirty (NHibernate.Tuple.StandardProperty[] properties, System.Object[] currentState, System.Object[] previousState, System.Boolean[][] includeColumns, Boolean anyUninitializedProperties, ISessionImplementor session, Int32 i) [0x00000] in <filename unknown>:0 
  at NHibernate.Type.TypeHelper.FindDirty (NHibernate.Tuple.StandardProperty[] properties, System.Object[] currentState, System.Object[] previousState, System.Boolean[][] includeColumns, Boolean anyUninitializedProperties, ISessionImplementor session) [0x00000] in <filename unknown>:0 
  at NHibernate.Persister.Entity.AbstractEntityPersister.FindDirty (System.Object[] currentState, System.Object[] previousState, System.Object entity, ISessionImplementor session) [0x00000] in <filename unknown>:0 
  at NHibernate.Event.Default.DefaultFlushEntityEventListener.DirtyCheck (NHibernate.Event.FlushEntityEvent event) [0x00000] in <filename unknown>:0 
  at NHibernate.Event.Default.DefaultFlushEntityEventListener.IsUpdateNecessary (NHibernate.Event.FlushEntityEvent event, Boolean mightBeDirty) [0x00000] in <filename unknown>:0 
  at NHibernate.Event.Default.DefaultFlushEntityEventListener.OnFlushEntity (NHibernate.Event.FlushEntityEvent event) [0x00000] in <filename unknown>:0 
  at NHibernate.Event.Default.AbstractFlushingEventListener.FlushEntities (NHibernate.Event.FlushEvent event) [0x00000] in <filename unknown>:0 
  at NHibernate.Event.Default.AbstractFlushingEventListener.FlushEverythingToExecutions (NHibernate.Event.FlushEvent event) [0x00000] in <filename unknown>:0 
  at NHibernate.Event.Default.DefaultFlushEventListener.OnFlush (NHibernate.Event.FlushEvent event) [0x00000] in <filename unknown>:0 
  at NHibernate.Impl.SessionImpl.Flush () [0x00000] in <filename unknown>:0 
  at NHibernate.Transaction.AdoTransaction.Commit () [0x00000] in <filename unknown>:0 
  at Artefacts.Service.Repository.Add (Artefacts.Artefact artefact) [0x00000] in <filename unknown>:0 

04:45:33:436 
04:46:59:313 ServiceHost: Closing
04:46:59:319 ServiceHost: Closed
04:46:59:319 
--- Artefacts.Service.ArtefactHost exiting ---
Service host state: Closed
------------

2014-08-07 Close
